[2024-07-25T17:57:58.629+0000] {local_task_job_runner.py:120} INFO - ::group::Pre task execution logs
[2024-07-25T17:57:58.640+0000] {taskinstance.py:2076} INFO - Dependencies all met for dep_context=non-requeueable deps ti=<TaskInstance: list_db_tables.get_table_names manual__2024-07-25T17:57:57.843104+00:00 [queued]>
[2024-07-25T17:57:58.643+0000] {taskinstance.py:2076} INFO - Dependencies all met for dep_context=requeueable deps ti=<TaskInstance: list_db_tables.get_table_names manual__2024-07-25T17:57:57.843104+00:00 [queued]>
[2024-07-25T17:57:58.643+0000] {taskinstance.py:2306} INFO - Starting attempt 1 of 2
[2024-07-25T17:57:58.648+0000] {taskinstance.py:2330} INFO - Executing <Task(PostgresOperator): get_table_names> on 2024-07-25 17:57:57.843104+00:00
[2024-07-25T17:57:58.651+0000] {warnings.py:112} WARNING - /home/***/.local/lib/python3.12/site-packages/***/task/task_runner/standard_task_runner.py:62: DeprecationWarning: This process (pid=107) is multi-threaded, use of fork() may lead to deadlocks in the child.
  pid = os.fork()

[2024-07-25T17:57:58.652+0000] {standard_task_runner.py:64} INFO - Started process 109 to run task
[2024-07-25T17:57:58.652+0000] {standard_task_runner.py:90} INFO - Running: ['***', 'tasks', 'run', 'list_db_tables', 'get_table_names', 'manual__2024-07-25T17:57:57.843104+00:00', '--job-id', '14', '--raw', '--subdir', 'DAGS_FOLDER/print_sql_request_dag.py', '--cfg-path', '/tmp/tmpchstr6l7']
[2024-07-25T17:57:58.654+0000] {standard_task_runner.py:91} INFO - Job 14: Subtask get_table_names
[2024-07-25T17:57:58.683+0000] {task_command.py:426} INFO - Running <TaskInstance: list_db_tables.get_table_names manual__2024-07-25T17:57:57.843104+00:00 [running]> on host 9cfb47510abc
[2024-07-25T17:57:58.719+0000] {taskinstance.py:2648} INFO - Exporting env vars: AIRFLOW_CTX_DAG_OWNER='***' AIRFLOW_CTX_DAG_ID='list_db_tables' AIRFLOW_CTX_TASK_ID='get_table_names' AIRFLOW_CTX_EXECUTION_DATE='2024-07-25T17:57:57.843104+00:00' AIRFLOW_CTX_TRY_NUMBER='1' AIRFLOW_CTX_DAG_RUN_ID='manual__2024-07-25T17:57:57.843104+00:00'
[2024-07-25T17:57:58.721+0000] {taskinstance.py:430} INFO - ::endgroup::
[2024-07-25T17:57:58.721+0000] {sql.py:282} INFO - Executing: 
        SELECT table_name 
        FROM information_schema.tables 
        WHERE table_schema = 'public';
        
[2024-07-25T17:57:58.725+0000] {base.py:84} INFO - Using connection ID '***_db' for task execution.
[2024-07-25T17:57:58.733+0000] {base.py:84} INFO - Using connection ID '***_db' for task execution.
[2024-07-25T17:57:58.734+0000] {sql.py:495} INFO - Running statement: 
        SELECT table_name 
        FROM information_schema.tables 
        WHERE table_schema = 'public';
        , parameters: None
[2024-07-25T17:57:58.738+0000] {sql.py:504} INFO - Rows affected: 44
[2024-07-25T17:57:58.739+0000] {taskinstance.py:441} INFO - ::group::Post task execution logs
[2024-07-25T17:57:58.748+0000] {taskinstance.py:1206} INFO - Marking task as SUCCESS. dag_id=list_db_tables, task_id=get_table_names, run_id=manual__2024-07-25T17:57:57.843104+00:00, execution_date=20240725T175757, start_date=20240725T175758, end_date=20240725T175758
[2024-07-25T17:57:58.792+0000] {local_task_job_runner.py:243} INFO - Task exited with return code 0
[2024-07-25T17:57:58.798+0000] {warnings.py:112} WARNING - /home/***/.local/lib/python3.12/site-packages/***/models/baseoperator.py:1297: AirflowProviderDeprecationWarning: Call to deprecated class PostgresOperator. (Please use `***.providers.common.sql.operators.sql.SQLExecuteQueryOperator`.Also, you can provide `hook_params={'schema': <database>}`.)
  result = cls.__new__(cls)

[2024-07-25T17:57:58.804+0000] {taskinstance.py:3503} INFO - 1 downstream tasks scheduled from follow-on schedule check
[2024-07-25T17:57:58.805+0000] {local_task_job_runner.py:222} INFO - ::endgroup::
