[2024-07-25T17:59:20.142+0000] {local_task_job_runner.py:120} INFO - ::group::Pre task execution logs
[2024-07-25T17:59:20.154+0000] {taskinstance.py:2076} INFO - Dependencies all met for dep_context=non-requeueable deps ti=<TaskInstance: list_db_tables.get_table_names manual__2024-07-25T17:54:16.848810+00:00 [queued]>
[2024-07-25T17:59:20.158+0000] {taskinstance.py:2076} INFO - Dependencies all met for dep_context=requeueable deps ti=<TaskInstance: list_db_tables.get_table_names manual__2024-07-25T17:54:16.848810+00:00 [queued]>
[2024-07-25T17:59:20.158+0000] {taskinstance.py:2306} INFO - Starting attempt 2 of 2
[2024-07-25T17:59:20.165+0000] {taskinstance.py:2330} INFO - Executing <Task(PostgresOperator): get_table_names> on 2024-07-25 17:54:16.848810+00:00
[2024-07-25T17:59:20.168+0000] {warnings.py:112} WARNING - /home/***/.local/lib/python3.12/site-packages/***/task/task_runner/standard_task_runner.py:62: DeprecationWarning: This process (pid=134) is multi-threaded, use of fork() may lead to deadlocks in the child.
  pid = os.fork()

[2024-07-25T17:59:20.169+0000] {standard_task_runner.py:64} INFO - Started process 136 to run task
[2024-07-25T17:59:20.169+0000] {standard_task_runner.py:90} INFO - Running: ['***', 'tasks', 'run', 'list_db_tables', 'get_table_names', 'manual__2024-07-25T17:54:16.848810+00:00', '--job-id', '16', '--raw', '--subdir', 'DAGS_FOLDER/print_sql_request_dag.py', '--cfg-path', '/tmp/tmpc18bmvxx']
[2024-07-25T17:59:20.171+0000] {standard_task_runner.py:91} INFO - Job 16: Subtask get_table_names
[2024-07-25T17:59:20.196+0000] {task_command.py:426} INFO - Running <TaskInstance: list_db_tables.get_table_names manual__2024-07-25T17:54:16.848810+00:00 [running]> on host 9cfb47510abc
[2024-07-25T17:59:20.236+0000] {taskinstance.py:2648} INFO - Exporting env vars: AIRFLOW_CTX_DAG_OWNER='***' AIRFLOW_CTX_DAG_ID='list_db_tables' AIRFLOW_CTX_TASK_ID='get_table_names' AIRFLOW_CTX_EXECUTION_DATE='2024-07-25T17:54:16.848810+00:00' AIRFLOW_CTX_TRY_NUMBER='2' AIRFLOW_CTX_DAG_RUN_ID='manual__2024-07-25T17:54:16.848810+00:00'
[2024-07-25T17:59:20.237+0000] {taskinstance.py:430} INFO - ::endgroup::
[2024-07-25T17:59:20.238+0000] {sql.py:282} INFO - Executing: 
        SELECT table_name 
        FROM information_schema.tables 
        WHERE table_schema = 'public';
        
[2024-07-25T17:59:20.242+0000] {base.py:84} INFO - Using connection ID '***_db' for task execution.
[2024-07-25T17:59:20.248+0000] {base.py:84} INFO - Using connection ID '***_db' for task execution.
[2024-07-25T17:59:20.250+0000] {sql.py:495} INFO - Running statement: 
        SELECT table_name 
        FROM information_schema.tables 
        WHERE table_schema = 'public';
        , parameters: None
[2024-07-25T17:59:20.252+0000] {sql.py:504} INFO - Rows affected: 44
[2024-07-25T17:59:20.252+0000] {taskinstance.py:441} INFO - ::group::Post task execution logs
[2024-07-25T17:59:20.267+0000] {taskinstance.py:1206} INFO - Marking task as SUCCESS. dag_id=list_db_tables, task_id=get_table_names, run_id=manual__2024-07-25T17:54:16.848810+00:00, execution_date=20240725T175416, start_date=20240725T175920, end_date=20240725T175920
[2024-07-25T17:59:20.309+0000] {local_task_job_runner.py:243} INFO - Task exited with return code 0
[2024-07-25T17:59:20.315+0000] {warnings.py:112} WARNING - /home/***/.local/lib/python3.12/site-packages/***/models/baseoperator.py:1297: AirflowProviderDeprecationWarning: Call to deprecated class PostgresOperator. (Please use `***.providers.common.sql.operators.sql.SQLExecuteQueryOperator`.Also, you can provide `hook_params={'schema': <database>}`.)
  result = cls.__new__(cls)

[2024-07-25T17:59:20.321+0000] {taskinstance.py:3503} INFO - 1 downstream tasks scheduled from follow-on schedule check
[2024-07-25T17:59:20.321+0000] {local_task_job_runner.py:222} INFO - ::endgroup::
